<?xml version="1.0" encoding="UTF-8"?>
<testng-results ignored="0" total="1" passed="1" failed="0" skipped="0">
  <reporter-output>
  </reporter-output>
  <suite started-at="2022-01-11T18:56:23 IST" name="Bankingtest" finished-at="2022-01-11T18:56:51 IST" duration-ms="27634">
    <groups>
    </groups>
    <test started-at="2022-01-11T18:56:23 IST" name="Banking App Test" finished-at="2022-01-11T18:56:51 IST" duration-ms="27634">
      <class name="com.inetBanking.Testcases.TC_AddNewCustomerTest_003">
        <test-method is-config="true" signature="setup(java.lang.String)[pri:0, instance:com.inetBanking.Testcases.TC_AddNewCustomerTest_003@4efac082]" started-at="2022-01-11T18:56:23 IST" name="setup" finished-at="2022-01-11T18:56:37 IST" duration-ms="13417" status="PASS">
          <params>
            <param index="0">
              <value>
                <![CDATA[chrome]]>
              </value>
            </param>
          </params>
          <reporter-output>
          </reporter-output>
        </test-method> <!-- setup -->
        <test-method signature="addNewCustomer(java.lang.String,java.lang.String,java.lang.String,java.lang.String,java.lang.String,java.lang.String,java.lang.String,java.lang.String,java.lang.String)[pri:0, instance:com.inetBanking.Testcases.TC_AddNewCustomerTest_003@4efac082]" started-at="2022-01-11T18:56:39 IST" name="addNewCustomer" data-provider="CustomerData" finished-at="2022-01-11T18:56:51 IST" duration-ms="11832" status="PASS">
          <params>
            <param index="0">
              <value>
                <![CDATA[aruna]]>
              </value>
            </param>
            <param index="1">
              <value>
                <![CDATA[female]]>
              </value>
            </param>
            <param index="2">
              <value>
                <![CDATA[10/02/1985]]>
              </value>
            </param>
            <param index="3">
              <value>
                <![CDATA[hsr layout]]>
              </value>
            </param>
            <param index="4">
              <value>
                <![CDATA[bangalore]]>
              </value>
            </param>
            <param index="5">
              <value>
                <![CDATA[karnataka]]>
              </value>
            </param>
            <param index="6">
              <value>
                <![CDATA[560102]]>
              </value>
            </param>
            <param index="7">
              <value>
                <![CDATA[9787535635]]>
              </value>
            </param>
            <param index="8">
              <value>
                <![CDATA[aruna.rudrabhatla@gmail.com]]>
              </value>
            </param>
          </params>
          <reporter-output>
          </reporter-output>
        </test-method> <!-- addNewCustomer -->
        <test-method is-config="true" signature="tearDown()[pri:0, instance:com.inetBanking.Testcases.TC_AddNewCustomerTest_003@4efac082]" started-at="2022-01-11T18:56:51 IST" name="tearDown" finished-at="2022-01-11T18:56:51 IST" duration-ms="315" status="PASS">
          <reporter-output>
          </reporter-output>
        </test-method> <!-- tearDown -->
      </class> <!-- com.inetBanking.Testcases.TC_AddNewCustomerTest_003 -->
    </test> <!-- Banking App Test -->
  </suite> <!-- Bankingtest -->
</testng-results>
